<?xml version="1.0" encoding="UTF-8"?>
<!-- Generated by org.testng.reporters.JUnitReportReporter -->
<testsuite skipped="4" hostname="IMSS-JKR-CPU-13" name="TEST_NG.HR" tests="4" failures="0" timestamp="04 Jul 2018 06:06:11 GMT" time="0.000" errors="0">
  <testcase name="HR_Roles" time="0.000" classname="TEST_NG.HR">
    <skipped/>
  </testcase> <!-- HR_Roles -->
  <testcase name="HR_Roles" time="0.000" classname="TEST_NG.HR">
    <skipped/>
  </testcase> <!-- HR_Roles -->
  <testcase name="project_tract" time="0.000" classname="TEST_NG.HR">
    <skipped/>
  </testcase> <!-- project_tract -->
  <testcase name="project_tract" time="0.000" classname="TEST_NG.HR">
    <skipped/>
  </testcase> <!-- project_tract -->
</testsuite> <!-- TEST_NG.HR -->
