<?xml version="1.0" encoding="UTF-8"?>
<!-- Generated by org.testng.reporters.JUnitReportReporter -->
<testsuite skipped="4" hostname="IMSS-JKR-CPU-13" name="TEST_NG.BU_VMSBU" tests="4" failures="0" timestamp="04 Jul 2018 06:06:11 GMT" time="0.000" errors="0">
  <testcase name="BU_Head" time="0.000" classname="TEST_NG.BU_VMSBU">
    <skipped/>
  </testcase> <!-- BU_Head -->
  <testcase name="BU_Head" time="0.000" classname="TEST_NG.BU_VMSBU">
    <skipped/>
  </testcase> <!-- BU_Head -->
  <testcase name="project_BU" time="0.000" classname="TEST_NG.BU_VMSBU">
    <skipped/>
  </testcase> <!-- project_BU -->
  <testcase name="project_BU" time="0.000" classname="TEST_NG.BU_VMSBU">
    <skipped/>
  </testcase> <!-- project_BU -->
</testsuite> <!-- TEST_NG.BU_VMSBU -->
